<?xml version="1.0" encoding="UTF-8"?>
<!-- Generated by org.testng.reporters.JUnitReportReporter -->
<testsuite hostname="IN-PG02LY71" failures="0" tests="5" name="employee_Test_classes.TC002_Employee_Get_Single" time="0.008" errors="0" timestamp="14 Dec 2022 03:00:52 GMT" skipped="0">
  <testcase classname="employee_Test_classes.TC002_Employee_Get_Single" name="checkcontentlength" time="0.001"/>
  <testcase classname="employee_Test_classes.TC002_Employee_Get_Single" name="checkResponseBody" time="0.002"/>
  <testcase classname="employee_Test_classes.TC002_Employee_Get_Single" name="checkStatusCode" time="0.001"/>
  <testcase classname="employee_Test_classes.TC002_Employee_Get_Single" name="CheckStatusline" time="0.002"/>
  <testcase classname="employee_Test_classes.TC002_Employee_Get_Single" name="checkresponsetime" time="0.002"/>
</testsuite> <!-- employee_Test_classes.TC002_Employee_Get_Single -->
