<?xml version="1.0" encoding="UTF-8"?>
<!-- Generated by org.testng.reporters.JUnitReportReporter -->
<testsuite hostname="IN-PG02LY71" failures="0" tests="2" name="employee_Test_classes.TC004_PUT_Employee" time="0.004" errors="0" timestamp="14 Dec 2022 03:00:52 GMT" skipped="0">
  <testcase classname="employee_Test_classes.TC004_PUT_Employee" name="getstsuscode2" time="0.002"/>
  <testcase classname="employee_Test_classes.TC004_PUT_Employee" name="getstuscode" time="0.002"/>
</testsuite> <!-- employee_Test_classes.TC004_PUT_Employee -->
