<?xml version="1.0" encoding="UTF-8"?>
<!-- Generated by org.testng.reporters.JUnitReportReporter -->
<testsuite hostname="IN-PG02LY71" failures="0" tests="1" name="RestAssuredAPI_Pavan.GetRequest" time="3.330" errors="0" timestamp="14 Dec 2022 05:00:29 GMT" skipped="0">
  <testcase classname="RestAssuredAPI_Pavan.GetRequest" name="test2" time="3.330"/>
</testsuite> <!-- RestAssuredAPI_Pavan.GetRequest -->
