<?xml version="1.0" encoding="UTF-8"?>
<!-- Generated by org.testng.reporters.JUnitReportReporter -->
<testsuite hostname="IN-PG02LY71" failures="0" tests="1" name="Google_map_GetRequest" time="2.001" errors="0" timestamp="06 Dec 2022 07:53:30 GMT" skipped="0">
  <testcase classname="Google_map_GetRequest" name="test1" time="2.001"/>
</testsuite> <!-- Google_map_GetRequest -->
