<?xml version="1.0" encoding="UTF-8"?>
<!-- Generated by org.testng.reporters.JUnitReportReporter -->
<testsuite hostname="IN-PG02LY71" failures="0" tests="7" name="employee_Test_classes.TC001_Gett_All_Employees" time="0.064" errors="0" timestamp="14 Dec 2022 03:00:52 GMT" skipped="0">
  <testcase classname="employee_Test_classes.TC001_Gett_All_Employees" name="checkcontentype" time="0.001"/>
  <testcase classname="employee_Test_classes.TC001_Gett_All_Employees" name="getstatuscode" time="0.003"/>
  <testcase classname="employee_Test_classes.TC001_Gett_All_Employees" name="getresponsebody" time="0.022"/>
  <testcase classname="employee_Test_classes.TC001_Gett_All_Employees" name="getresponsetime" time="0.003"/>
  <testcase classname="employee_Test_classes.TC001_Gett_All_Employees" name="getstatusline" time="0.002"/>
  <testcase classname="employee_Test_classes.TC001_Gett_All_Employees" name="checkcookies" time="0.014"/>
  <testcase classname="employee_Test_classes.TC001_Gett_All_Employees" name="checkcontenencoding" time="0.019"/>
</testsuite> <!-- employee_Test_classes.TC001_Gett_All_Employees -->
