<?xml version="1.0" encoding="UTF-8"?>
<!-- Generated by org.testng.reporters.JUnitReportReporter -->
<testsuite hostname="IN-PG02LY71" failures="0" tests="2" name="RestAssuredAPI_BDD_Pavan.PutRequest" time="3.447" errors="0" timestamp="14 Dec 2022 11:17:37 GMT" skipped="0">
  <testcase classname="RestAssuredAPI_BDD_Pavan.PutRequest" name="putrequest" time="1.660"/>
  <testcase classname="RestAssuredAPI_BDD_Pavan.PutRequest" name="localputrequest" time="1.787"/>
</testsuite> <!-- RestAssuredAPI_BDD_Pavan.PutRequest -->
