<?xml version="1.0" encoding="UTF-8"?>
<!-- Generated by org.testng.reporters.JUnitReportReporter -->
<testsuite hostname="IN-PG02LY71" failures="0" tests="1" name="getRequest_Google" time="4.803" errors="0" timestamp="05 Dec 2022 15:02:47 GMT" skipped="0">
  <testcase classname="getRequest_Google" name="googleMapTest" time="4.803"/>
</testsuite> <!-- getRequest_Google -->
