<?xml version="1.0" encoding="UTF-8"?>
<!-- Generated by org.testng.reporters.JUnitReportReporter -->
<testsuite hostname="IN-PG02LY71" failures="0" tests="1" name="Datadriven.DataDriven_DataProvider" time="3.184" errors="0" timestamp="08 Dec 2022 04:40:33 GMT" skipped="0">
  <testcase classname="Datadriven.DataDriven_DataProvider" name="test1" time="3.184"/>
</testsuite> <!-- Datadriven.DataDriven_DataProvider -->
