<?xml version="1.0" encoding="UTF-8"?>
<!-- Generated by org.testng.reporters.JUnitReportReporter -->
<testsuite hostname="IN-PG02LY71" failures="0" tests="2" name="RestAssuredAPI_BDD_Pavan.DeleteRequest" time="2.359" errors="0" timestamp="14 Dec 2022 11:05:17 GMT" skipped="0">
  <testcase classname="RestAssuredAPI_BDD_Pavan.DeleteRequest" name="localdeleterequest" time="0.053"/>
  <testcase classname="RestAssuredAPI_BDD_Pavan.DeleteRequest" name="deleterequest" time="2.306"/>
</testsuite> <!-- RestAssuredAPI_BDD_Pavan.DeleteRequest -->
